+ /opt/homebrew/opt/python@3.14/bin/python3.14 /Users/victorkhudyakov/work/app6/run_stage1.py --project-root /Users/victorkhudyakov/work/3ddfav3 --input /Users/victorkhudyakov/work/runs/test_smoke4/staged_input --output /Users/victorkhudyakov/work/runs/test_smoke4/stage1 --device cpu --backbone resnet50 --uv-size 768
/opt/homebrew/lib/python3.14/site-packages/torchvision/models/_utils.py:207: UserWarning: The parameter 'pretrained' is deprecated since 0.13 and may be removed in the future, please use 'weights' instead.
  warnings.warn(
/opt/homebrew/lib/python3.14/site-packages/torchvision/models/_utils.py:222: UserWarning: Arguments other than a weight enum or `None` for 'weights' are deprecated since 0.13 and may be removed in the future. The current behavior is equivalent to passing `weights=None`.
  warnings.warn(msg)
use retinaface for face box
[1/7] 2000_01_01_1.jpg
/opt/homebrew/lib/python3.14/site-packages/torch/functional.py:504: UserWarning: torch.meshgrid: in an upcoming release, it will be required to pass the indexing argument. (Triggered internally at /Users/runner/work/pytorch/pytorch/aten/src/ATen/native/TensorShape.cpp:4217.)
  return _VF.meshgrid(tensors, **kwargs)  # type: ignore[attr-defined]
/Users/victorkhudyakov/work/uv_module/generator.py:167: VisibleDeprecationWarning: separator in column name will change to _ in version 0.13; to silence this warning, use `separator='-'` to maintain current behavior and use `separator='_'` to switch to the new default behavior.
  summary = summarize(sk)
[2/7] 2000_01_01_2.jpg
/Users/victorkhudyakov/work/uv_module/generator.py:167: VisibleDeprecationWarning: separator in column name will change to _ in version 0.13; to silence this warning, use `separator='-'` to maintain current behavior and use `separator='_'` to switch to the new default behavior.
  summary = summarize(sk)
[3/7] 2000_01_01_3.jpg
[4/7] 2000_01_01_4.jpg
[5/7] 2000_01_01_5.jpg
[6/7] 2000_01_01_6.jpg
[7/7] 2000_01_01_7.jpg
DONE success=7 errors=0 skipped=0
CALIBRATION DID NOT PASS held-out same-day acceptance. Inspect calibration_report.json.
{
  "input_images": 7,
  "stage1": "/Users/victorkhudyakov/work/runs/test_smoke4/stage1",
  "profile": "/Users/victorkhudyakov/work/runs/test_smoke4/calibration_profile.json",
  "report": "/Users/victorkhudyakov/work/runs/test_smoke4/calibration_report.json",
  "acceptance": {
    "test_pass": false,
    "target_false_anomaly": 0.01,
    "held_out_count": 1
  },
  "coverage": {
    "pose_bins": [],
    "covered_zone_count": 13
  }
}
