+ /opt/homebrew/opt/python@3.14/bin/python3.14 /Users/victorkhudyakov/work/app6/run_stage1.py --project-root /Users/victorkhudyakov/work/3ddfav3 --input /Users/victorkhudyakov/work/runs/my_calibration/staged_input --output /Users/victorkhudyakov/work/runs/my_calibration/stage1 --device cpu --backbone resnet50 --uv-size 768
/opt/homebrew/lib/python3.14/site-packages/torchvision/models/_utils.py:207: UserWarning: The parameter 'pretrained' is deprecated since 0.13 and may be removed in the future, please use 'weights' instead.
  warnings.warn(
/opt/homebrew/lib/python3.14/site-packages/torchvision/models/_utils.py:222: UserWarning: Arguments other than a weight enum or `None` for 'weights' are deprecated since 0.13 and may be removed in the future. The current behavior is equivalent to passing `weights=None`.
  warnings.warn(msg)
use retinaface for face box
[1/224] 2000_01_01_1.jpg
[2/224] 2000_01_01_10.jpg
[3/224] 2000_01_01_100.jpg
[4/224] 2000_01_01_101.jpg
[5/224] 2000_01_01_102.jpg
[6/224] 2000_01_01_103.jpg
[7/224] 2000_01_01_104.jpg
[8/224] 2000_01_01_105.jpg
[9/224] 2000_01_01_106.jpg
[10/224] 2000_01_01_107.jpg
[11/224] 2000_01_01_108.jpg
[12/224] 2000_01_01_109.jpg
[13/224] 2000_01_01_11.jpg
[14/224] 2000_01_01_110.jpg
[15/224] 2000_01_01_111.jpg
[16/224] 2000_01_01_112.jpg
[17/224] 2000_01_01_113.jpg
[18/224] 2000_01_01_114.jpg
[19/224] 2000_01_01_115.jpg
[20/224] 2000_01_01_116.jpg
[21/224] 2000_01_01_117.jpg
[22/224] 2000_01_01_118.jpg
[23/224] 2000_01_01_119.jpg
[24/224] 2000_01_01_12.jpg
[25/224] 2000_01_01_120.jpg
[26/224] 2000_01_01_121.jpg
[27/224] 2000_01_01_122.jpg
[28/224] 2000_01_01_123.jpg
[29/224] 2000_01_01_124.jpg
[30/224] 2000_01_01_125.jpg
[31/224] 2000_01_01_126.jpg
[32/224] 2000_01_01_127.jpg
[33/224] 2000_01_01_128.jpg
[34/224] 2000_01_01_129.jpg
[35/224] 2000_01_01_13.jpg
[36/224] 2000_01_01_130.jpg
[37/224] 2000_01_01_131.jpg
[38/224] 2000_01_01_132.jpg
[39/224] 2000_01_01_133.jpg
[40/224] 2000_01_01_134.jpg
[41/224] 2000_01_01_135.jpg
[42/224] 2000_01_01_136.jpg
[43/224] 2000_01_01_137.jpg
[44/224] 2000_01_01_138.jpg
[45/224] 2000_01_01_139.jpg
[46/224] 2000_01_01_14.jpg
[47/224] 2000_01_01_140.jpg
[48/224] 2000_01_01_141.jpg
[49/224] 2000_01_01_142.jpg
[50/224] 2000_01_01_143.jpg
[51/224] 2000_01_01_144.jpg
[52/224] 2000_01_01_145.jpg
[53/224] 2000_01_01_146.jpg
[54/224] 2000_01_01_147.jpg
[55/224] 2000_01_01_148.jpg
[56/224] 2000_01_01_149.jpg
[57/224] 2000_01_01_15.jpg
[58/224] 2000_01_01_150.jpg
[59/224] 2000_01_01_151.jpg
[60/224] 2000_01_01_152.jpg
[61/224] 2000_01_01_153.jpg
[62/224] 2000_01_01_154.jpg
[63/224] 2000_01_01_155.jpg
[64/224] 2000_01_01_156.jpg
[65/224] 2000_01_01_157.jpg
[66/224] 2000_01_01_158.jpg
[67/224] 2000_01_01_159.jpg
[68/224] 2000_01_01_16.jpg
[69/224] 2000_01_01_160.jpg
[70/224] 2000_01_01_161.jpg
[71/224] 2000_01_01_162.jpg
[72/224] 2000_01_01_163.jpg
[73/224] 2000_01_01_164.jpg
[74/224] 2000_01_01_165.jpg
[75/224] 2000_01_01_166.jpg
[76/224] 2000_01_01_167.jpg
[77/224] 2000_01_01_168.jpg
[78/224] 2000_01_01_169.jpg
[79/224] 2000_01_01_17.jpg
[80/224] 2000_01_01_170.jpg
[81/224] 2000_01_01_171.jpg
[82/224] 2000_01_01_172.jpg
[83/224] 2000_01_01_173.jpg
[84/224] 2000_01_01_174.jpg
[85/224] 2000_01_01_175.jpg
[86/224] 2000_01_01_176.jpg
[87/224] 2000_01_01_177.jpg
[88/224] 2000_01_01_178.jpg
[89/224] 2000_01_01_179.jpg
[90/224] 2000_01_01_18.jpg
[91/224] 2000_01_01_180.jpg
[92/224] 2000_01_01_181.jpg
[93/224] 2000_01_01_182.jpg
[94/224] 2000_01_01_183.jpg
[95/224] 2000_01_01_184.jpg
[96/224] 2000_01_01_185.jpg
[97/224] 2000_01_01_186.jpg
[98/224] 2000_01_01_187.jpg
[99/224] 2000_01_01_188.jpg
[100/224] 2000_01_01_189.jpg
[101/224] 2000_01_01_19.jpg
[102/224] 2000_01_01_190.jpg
[103/224] 2000_01_01_191.jpg
[104/224] 2000_01_01_192.jpg
[105/224] 2000_01_01_193.jpg
[106/224] 2000_01_01_194.jpg
[107/224] 2000_01_01_195.jpg
[108/224] 2000_01_01_196.jpg
[109/224] 2000_01_01_197.jpg
[110/224] 2000_01_01_198.jpg
[111/224] 2000_01_01_199.jpg
[112/224] 2000_01_01_2.jpg
[113/224] 2000_01_01_20.jpg
[114/224] 2000_01_01_200.jpg
[115/224] 2000_01_01_201.jpg
[116/224] 2000_01_01_202.jpg
[117/224] 2000_01_01_203.jpg
[118/224] 2000_01_01_204.jpg
[119/224] 2000_01_01_205.jpg
[120/224] 2000_01_01_206.jpg
[121/224] 2000_01_01_207.jpg
[122/224] 2000_01_01_208.jpg
[123/224] 2000_01_01_209.jpg
[124/224] 2000_01_01_21.jpg
[125/224] 2000_01_01_210.jpg
[126/224] 2000_01_01_211.jpg
[127/224] 2000_01_01_212.jpg
[128/224] 2000_01_01_213.jpg
[129/224] 2000_01_01_214.jpg
[130/224] 2000_01_01_215.jpg
[131/224] 2000_01_01_216.jpg
[132/224] 2000_01_01_217.jpg
[133/224] 2000_01_01_218.jpg
[134/224] 2000_01_01_219.jpg
[135/224] 2000_01_01_22.jpg
[136/224] 2000_01_01_220.jpg
[137/224] 2000_01_01_221.jpg
[138/224] 2000_01_01_222.jpg
[139/224] 2000_01_01_223.jpg
[140/224] 2000_01_01_224.jpg
[141/224] 2000_01_01_23.jpg
[142/224] 2000_01_01_24.jpg
[143/224] 2000_01_01_25.jpg
[144/224] 2000_01_01_26.jpg
[145/224] 2000_01_01_27.jpg
[146/224] 2000_01_01_28.jpg
[147/224] 2000_01_01_29.jpg
[148/224] 2000_01_01_3.jpg
[149/224] 2000_01_01_30.jpg
[150/224] 2000_01_01_31.jpg
[151/224] 2000_01_01_32.jpg
[152/224] 2000_01_01_33.jpg
[153/224] 2000_01_01_34.jpg
[154/224] 2000_01_01_35.jpg
[155/224] 2000_01_01_36.jpg
[156/224] 2000_01_01_37.jpg
[157/224] 2000_01_01_38.jpg
[158/224] 2000_01_01_39.jpg
[159/224] 2000_01_01_4.jpg
[160/224] 2000_01_01_40.jpg
[161/224] 2000_01_01_41.jpg
[162/224] 2000_01_01_42.jpg
[163/224] 2000_01_01_43.jpg
[164/224] 2000_01_01_44.jpg
[165/224] 2000_01_01_45.jpg
[166/224] 2000_01_01_46.jpg
[167/224] 2000_01_01_47.jpg
[168/224] 2000_01_01_48.jpg
[169/224] 2000_01_01_49.jpg
[170/224] 2000_01_01_5.jpg
[171/224] 2000_01_01_50.jpg
[172/224] 2000_01_01_51.jpg
[173/224] 2000_01_01_52.jpg
[174/224] 2000_01_01_53.jpg
[175/224] 2000_01_01_54.jpg
[176/224] 2000_01_01_55.jpg
[177/224] 2000_01_01_56.jpg
[178/224] 2000_01_01_57.jpg
[179/224] 2000_01_01_58.jpg
[180/224] 2000_01_01_59.jpg
[181/224] 2000_01_01_6.jpg
[182/224] 2000_01_01_60.jpg
[183/224] 2000_01_01_61.jpg
[184/224] 2000_01_01_62.jpg
[185/224] 2000_01_01_63.jpg
[186/224] 2000_01_01_64.jpg
[187/224] 2000_01_01_65.jpg
[188/224] 2000_01_01_66.jpg
[189/224] 2000_01_01_67.jpg
[190/224] 2000_01_01_68.jpg
[191/224] 2000_01_01_69.jpg
[192/224] 2000_01_01_7.jpg
[193/224] 2000_01_01_70.jpg
[194/224] 2000_01_01_71.jpg
[195/224] 2000_01_01_72.jpg
[196/224] 2000_01_01_73.jpg
[197/224] 2000_01_01_74.jpg
[198/224] 2000_01_01_75.jpg
[199/224] 2000_01_01_76.jpg
[200/224] 2000_01_01_77.jpg
[201/224] 2000_01_01_78.jpg
[202/224] 2000_01_01_79.jpg
[203/224] 2000_01_01_8.jpg
[204/224] 2000_01_01_80.jpg
[205/224] 2000_01_01_81.jpg
[206/224] 2000_01_01_82.jpg
[207/224] 2000_01_01_83.jpg
[208/224] 2000_01_01_84.jpg
[209/224] 2000_01_01_85.jpg
[210/224] 2000_01_01_86.jpg
[211/224] 2000_01_01_87.jpg
[212/224] 2000_01_01_88.jpg
[213/224] 2000_01_01_89.jpg
[214/224] 2000_01_01_9.jpg
[215/224] 2000_01_01_90.jpg
[216/224] 2000_01_01_91.jpg
[217/224] 2000_01_01_92.jpg
[218/224] 2000_01_01_93.jpg
[219/224] 2000_01_01_94.jpg
[220/224] 2000_01_01_95.jpg
[221/224] 2000_01_01_96.jpg
[222/224] 2000_01_01_97.jpg
[223/224] 2000_01_01_98.jpg
[224/224] 2000_01_01_99.jpg
DONE success=224 errors=0 skipped=224
CALIBRATION DID NOT PASS held-out same-day acceptance. Inspect calibration_report.json.
{
  "input_images": 224,
  "stage1": "/Users/victorkhudyakov/work/runs/my_calibration/stage1",
  "profile": "/Users/victorkhudyakov/work/runs/my_calibration/calibration_profile.json",
  "report": "/Users/victorkhudyakov/work/runs/my_calibration/calibration_report.json",
  "acceptance": {
    "test_pass": false,
    "target_false_anomaly": 0.01,
    "held_out_count": 1
  },
  "coverage": {
    "pose_bins": [],
    "covered_zone_count": 13
  }
}
