+ /opt/homebrew/opt/python@3.14/bin/python3.14 /Users/victorkhudyakov/work/app6/run_stage1.py --project-root /Users/victorkhudyakov/work/3ddfav3 --input /Users/victorkhudyakov/work/runs/test_smoke/staged_input --output /Users/victorkhudyakov/work/runs/test_smoke/stage1 --device cpu --backbone resnet50 --uv-size 768
Traceback (most recent call last):
  File "/Users/victorkhudyakov/work/app6/run_stage1.py", line 49, in <module>
    raise SystemExit(main())
                     ~~~~^^
  File "/Users/victorkhudyakov/work/app6/run_stage1.py", line 44, in main
    Stage1Engine(cfg).run()
    ~~~~~~~~~~~~^^^^^
  File "/Users/victorkhudyakov/work/app6/stage1/engine.py", line 59, in __init__
    self.recon = ReconstructionEngine(self.root, config.device, config.detector, config.backbone)
                 ~~~~~~~~~~~~~~~~~~~~^^^^^^^^^^^^^^^^^^^^^^^^^^^^^^^^^^^^^^^^^^^^^^^^^^^^^^^^^^^^
  File "/Users/victorkhudyakov/work/app6/stage1/reconstruction.py", line 87, in __init__
    self.model = face_model(args)
                 ~~~~~~~~~~^^^^^^
  File "/Users/victorkhudyakov/work/3ddfav3/model/recon.py", line 157, in __init__
    from util.cpu_renderer import MeshRenderer_cpu
  File "/Users/victorkhudyakov/work/3ddfav3/util/cpu_renderer.py", line 4, in <module>
    from .cython_renderer import mesh_core_cython
ImportError: cannot import name 'mesh_core_cython' from 'util.cython_renderer' (unknown location)
Traceback (most recent call last):
  File "/Users/victorkhudyakov/work/run_calibration.py", line 50, in <module>
    if __name__=='__main__': raise SystemExit(main())
                                              ~~~~^^
  File "/Users/victorkhudyakov/work/run_calibration.py", line 40, in main
    _run(cmd)
    ~~~~^^^^^
  File "/Users/victorkhudyakov/work/run_calibration.py", line 23, in _run
    print('+',' '.join(cmd),flush=True); subprocess.run(cmd,check=True,cwd=ROOT)
                                         ~~~~~~~~~~~~~~^^^^^^^^^^^^^^^^^^^^^^^^^
  File "/opt/homebrew/Cellar/python@3.14/3.14.6/Frameworks/Python.framework/Versions/3.14/lib/python3.14/subprocess.py", line 578, in run
    raise CalledProcessError(retcode, process.args,
                             output=stdout, stderr=stderr)
subprocess.CalledProcessError: Command '['/opt/homebrew/opt/python@3.14/bin/python3.14', '/Users/victorkhudyakov/work/app6/run_stage1.py', '--project-root', '/Users/victorkhudyakov/work/3ddfav3', '--input', '/Users/victorkhudyakov/work/runs/test_smoke/staged_input', '--output', '/Users/victorkhudyakov/work/runs/test_smoke/stage1', '--device', 'cpu', '--backbone', 'resnet50', '--uv-size', '768']' returned non-zero exit status 1.
