+ /opt/homebrew/opt/python@3.14/bin/python3.14 /Users/victorkhudyakov/work/app6/run_stage1.py --project-root /Users/victorkhudyakov/work/3ddfav3 --input /Users/victorkhudyakov/work/runs/test_smoke2/staged_input --output /Users/victorkhudyakov/work/runs/test_smoke2/stage1 --device cpu --backbone resnet50 --uv-size 768
/opt/homebrew/lib/python3.14/site-packages/torchvision/models/_utils.py:207: UserWarning: The parameter 'pretrained' is deprecated since 0.13 and may be removed in the future, please use 'weights' instead.
  warnings.warn(
/opt/homebrew/lib/python3.14/site-packages/torchvision/models/_utils.py:222: UserWarning: Arguments other than a weight enum or `None` for 'weights' are deprecated since 0.13 and may be removed in the future. The current behavior is equivalent to passing `weights=None`.
  warnings.warn(msg)
use retinaface for face box
[1/7] 2000_01_01_1.jpg
/opt/homebrew/lib/python3.14/site-packages/torch/functional.py:504: UserWarning: torch.meshgrid: in an upcoming release, it will be required to pass the indexing argument. (Triggered internally at /Users/runner/work/pytorch/pytorch/aten/src/ATen/native/TensorShape.cpp:4217.)
  return _VF.meshgrid(tensors, **kwargs)  # type: ignore[attr-defined]
  ERROR TypeError: only 0-dimensional arrays can be converted to Python scalars
[2/7] 2000_01_01_2.jpg
  ERROR TypeError: only 0-dimensional arrays can be converted to Python scalars
[3/7] 2000_01_01_3.jpg
  ERROR TypeError: only 0-dimensional arrays can be converted to Python scalars
[4/7] 2000_01_01_4.jpg
  ERROR TypeError: only 0-dimensional arrays can be converted to Python scalars
[5/7] 2000_01_01_5.jpg
  ERROR TypeError: only 0-dimensional arrays can be converted to Python scalars
[6/7] 2000_01_01_6.jpg
  ERROR TypeError: only 0-dimensional arrays can be converted to Python scalars
[7/7] 2000_01_01_7.jpg
  ERROR TypeError: only 0-dimensional arrays can be converted to Python scalars
DONE success=0 errors=7 skipped=0
Traceback (most recent call last):
  File "/Users/victorkhudyakov/work/run_calibration.py", line 50, in <module>
    if __name__=='__main__': raise SystemExit(main())
                                              ~~~~^^
  File "/Users/victorkhudyakov/work/run_calibration.py", line 41, in main
    from uv_module.calibration import calibrate
  File "/Users/victorkhudyakov/work/uv_module/__init__.py", line 15, in <module>
    from .generator import HDUVTextureGenerator, enhance_texture_details
  File "/Users/victorkhudyakov/work/uv_module/generator.py", line 39, in <module>
    from skan import Skeleton, summarize
ModuleNotFoundError: No module named 'skan'
